{
  "stats": {
    "suites": 1,
    "tests": 1,
    "passes": 1,
    "pending": 0,
    "failures": 0,
    "start": "2020-08-14T16:21:28.823Z",
    "end": "2020-08-14T16:21:32.912Z",
    "duration": 4089,
    "testsRegistered": 1,
    "passPercent": 100,
    "pendingPercent": 0,
    "other": 0,
    "hasOther": false,
    "skipped": 0,
    "hasSkipped": false
  },
  "results": [
    {
      "uuid": "f4110eab-b105-419a-b3fb-6e022f1f201c",
      "title": "",
      "fullFile": "",
      "file": "",
      "beforeHooks": [],
      "afterHooks": [],
      "tests": [],
      "suites": [
        {
          "uuid": "83b84057-1037-4a0e-8069-0f62427cd3a2",
          "title": "Google search automated test",
          "fullFile": "/Users/ijrodriguezpa/Documents/NodeTests/NodeAutomatedTests/test/googleSearch.test.js",
          "file": "/test/googleSearch.test.js",
          "beforeHooks": [
            {
              "title": "\"before each\" hook in \"Google search automated test\"",
              "fullTitle": "Google search automated test \"before each\" hook in \"Google search automated test\"",
              "timedOut": false,
              "duration": 2026,
              "state": null,
              "speed": null,
              "pass": false,
              "fail": false,
              "pending": false,
              "context": null,
              "code": "page = new Page();\ndriver = page.driver;\nawait page.visit('https://www.google.com')",
              "err": {},
              "uuid": "45b25688-692e-4713-aa84-86c17f4f6e11",
              "parentUUID": "83b84057-1037-4a0e-8069-0f62427cd3a2",
              "isHook": true,
              "skipped": false
            }
          ],
          "afterHooks": [
            {
              "title": "\"after each\" hook in \"Google search automated test\"",
              "fullTitle": "Google search automated test \"after each\" hook in \"Google search automated test\"",
              "timedOut": false,
              "duration": 53,
              "state": null,
              "speed": null,
              "pass": false,
              "fail": false,
              "pending": false,
              "context": null,
              "code": "await page.quit();",
              "err": {},
              "uuid": "53530c3b-2c41-45d0-be0f-339933f8150c",
              "parentUUID": "83b84057-1037-4a0e-8069-0f62427cd3a2",
              "isHook": true,
              "skipped": false
            }
          ],
          "tests": [
            {
              "title": "should search sodimac",
              "fullTitle": "Google search automated test should search sodimac",
              "timedOut": false,
              "duration": 2006,
              "state": "passed",
              "speed": "slow",
              "pass": true,
              "fail": false,
              "pending": false,
              "context": null,
              "code": "const result = await page.submitKeyword('q', 'sodimac', 'result-stats');\nexpect(result.length).to.be.above(10);",
              "err": {},
              "uuid": "e0d10e9d-e8ae-4981-af5d-667d3df4708a",
              "parentUUID": "83b84057-1037-4a0e-8069-0f62427cd3a2",
              "isHook": false,
              "skipped": false
            }
          ],
          "suites": [],
          "passes": [
            "e0d10e9d-e8ae-4981-af5d-667d3df4708a"
          ],
          "failures": [],
          "pending": [],
          "skipped": [],
          "duration": 2006,
          "root": false,
          "rootEmpty": false,
          "_timeout": 50000
        }
      ],
      "passes": [],
      "failures": [],
      "pending": [],
      "skipped": [],
      "duration": 0,
      "root": true,
      "rootEmpty": true,
      "_timeout": 2000
    }
  ],
  "meta": {
    "mocha": {
      "version": "8.1.1"
    },
    "mochawesome": {
      "options": {
        "quiet": false,
        "reportFilename": "mochawesome",
        "saveHtml": true,
        "saveJson": true,
        "consoleReporter": "spec",
        "useInlineDiffs": false,
        "code": true
      },
      "version": "6.1.1"
    },
    "marge": {
      "options": {
        "autoOpen": "true"
      },
      "version": "5.1.0"
    }
  }
}